TN:
SF:models\follow.model.js
FNF:0
FNH:0
DA:3,1
DA:19,1
DA:21,1
LF:3
LH:3
BRF:0
BRH:0
end_of_record
TN:
SF:models\report.model.js
FNF:0
FNH:0
DA:3,2
DA:22,2
LF:2
LH:2
BRF:0
BRH:0
end_of_record
TN:
SF:models\review.model.js
FNF:0
FNH:0
DA:3,2
DA:13,2
LF:2
LH:2
BRF:0
BRH:0
end_of_record
TN:
SF:models\user.model.js
FNF:0
FNH:0
DA:3,2
DA:8,2
DA:24,2
LF:3
LH:3
BRF:0
BRH:0
end_of_record
TN:
SF:services\follow.service.js
FN:4,(anonymous_0)
FN:17,(anonymous_1)
FN:25,(anonymous_2)
FN:29,(anonymous_3)
FNF:4
FNH:4
FNDA:3,(anonymous_0)
FNDA:2,(anonymous_1)
FNDA:1,(anonymous_2)
FNDA:1,(anonymous_3)
DA:5,3
DA:6,1
DA:9,2
DA:10,2
DA:11,1
DA:14,1
DA:18,2
DA:19,2
DA:20,1
DA:22,1
DA:26,1
DA:30,1
LF:12
LH:12
BRDA:5,0,0,1
BRDA:5,0,1,2
BRDA:10,1,0,1
BRDA:10,1,1,1
BRDA:19,2,0,1
BRDA:19,2,1,1
BRF:6
BRH:6
end_of_record
TN:
SF:services\moderation.service.js
FN:7,(anonymous_0)
FN:19,(anonymous_1)
FN:26,(anonymous_2)
FN:39,(anonymous_3)
FN:48,(anonymous_4)
FNF:5
FNH:5
FNDA:1,(anonymous_0)
FNDA:3,(anonymous_1)
FNDA:4,(anonymous_2)
FNDA:3,(anonymous_3)
FNDA:2,(anonymous_4)
DA:8,1
DA:20,3
DA:21,2
DA:22,2
DA:23,1
DA:27,4
DA:28,1
DA:30,3
DA:31,1
DA:33,2
DA:34,2
DA:35,2
DA:36,1
DA:40,3
DA:41,1
DA:43,2
DA:44,2
DA:45,1
DA:49,2
DA:50,2
DA:51,1
LF:21
LH:21
BRDA:20,0,0,1
BRDA:20,0,1,2
BRDA:22,1,0,1
BRDA:22,1,1,1
BRDA:27,2,0,1
BRDA:27,2,1,3
BRDA:27,3,0,4
BRDA:27,3,1,4
BRDA:27,3,2,3
BRDA:30,4,0,1
BRDA:30,4,1,2
BRDA:35,5,0,1
BRDA:35,5,1,1
BRDA:40,6,0,1
BRDA:40,6,1,2
BRDA:44,7,0,1
BRDA:44,7,1,1
BRDA:50,8,0,1
BRDA:50,8,1,1
BRF:19
BRH:19
end_of_record
TN:
SF:services\report.service.js
FN:7,(anonymous_0)
FN:14,(anonymous_1)
FN:33,(anonymous_2)
FN:51,(anonymous_3)
FN:52,(anonymous_4)
FN:57,(anonymous_5)
FNF:6
FNH:6
FNDA:2,(anonymous_0)
FNDA:1,(anonymous_1)
FNDA:3,(anonymous_2)
FNDA:1,(anonymous_3)
FNDA:1,(anonymous_4)
FNDA:1,(anonymous_5)
DA:8,2
DA:9,1
DA:11,1
DA:15,1
DA:34,3
DA:35,1
DA:38,2
DA:39,2
DA:40,1
DA:43,1
DA:51,1
DA:52,1
DA:53,1
DA:54,1
DA:56,1
DA:57,1
DA:59,1
DA:62,1
LF:18
LH:18
BRDA:8,0,0,1
BRDA:8,0,1,1
BRDA:8,1,0,2
BRDA:8,1,1,2
BRDA:8,1,2,1
BRDA:34,2,0,1
BRDA:34,2,1,2
BRDA:39,3,0,1
BRDA:39,3,1,1
BRDA:53,4,0,1
BRDA:53,4,1,1
BRF:11
BRH:11
end_of_record
TN:
SF:services\review.service.js
FN:4,(anonymous_0)
FN:14,(anonymous_1)
FN:22,(anonymous_2)
FN:30,(anonymous_3)
FN:38,(anonymous_4)
FNF:5
FNH:5
FNDA:4,(anonymous_0)
FNDA:2,(anonymous_1)
FNDA:2,(anonymous_2)
FNDA:2,(anonymous_3)
FNDA:4,(anonymous_4)
DA:3,2
DA:5,4
DA:6,1
DA:8,3
DA:9,2
DA:11,1
DA:15,2
DA:16,2
DA:17,1
DA:19,1
DA:23,2
DA:24,2
DA:25,1
DA:27,1
DA:31,2
DA:32,2
DA:33,1
DA:35,1
DA:39,4
DA:44,4
DA:45,2
DA:47,2
LF:22
LH:22
BRDA:5,0,0,1
BRDA:5,0,1,3
BRDA:5,1,0,4
BRDA:5,1,1,3
BRDA:8,2,0,2
BRDA:8,2,1,1
BRDA:8,3,0,3
BRDA:8,3,1,2
BRDA:8,3,2,2
BRDA:16,4,0,1
BRDA:16,4,1,1
BRDA:24,5,0,1
BRDA:24,5,1,1
BRDA:32,6,0,1
BRDA:32,6,1,1
BRDA:44,7,0,2
BRDA:44,7,1,2
BRF:17
BRH:17
end_of_record
